Iniciando sincronización de stock...
Stock sincronizado: 79 productos actualizados
Iniciando sincronización de stock...
Stock sincronizado: 79 productos actualizados
Iniciando sincronización de stock...
Stock sincronizado: 79 productos actualizados
Iniciando sincronización de stock...
Stock sincronizado: 79 productos actualizados
Iniciando sincronización de stock...
Stock sincronizado: 79 productos actualizados
Iniciando sincronización de stock...
Stock sincronizado: 79 productos actualizados
Iniciando sincronización de stock...
Stock sincronizado: 79 productos actualizados
Iniciando sincronización de stock...
Stock sincronizado: 79 productos actualizados
Iniciando sincronización de stock...
Traceback (most recent call last):
  File "/home/nutricionetech/Escritorio/CODIGO NUTRICIONE/conector-shopify/manage.py", line 22, in <module>
    main()
  File "/home/nutricionetech/Escritorio/CODIGO NUTRICIONE/conector-shopify/manage.py", line 18, in main
    execute_from_command_line(sys.argv)
  File "/home/nutricionetech/Escritorio/CODIGO NUTRICIONE/conector-shopify/venv/lib/python3.12/site-packages/django/core/management/__init__.py", line 443, in execute_from_command_line
    utility.execute()
  File "/home/nutricionetech/Escritorio/CODIGO NUTRICIONE/conector-shopify/venv/lib/python3.12/site-packages/django/core/management/__init__.py", line 437, in execute
    self.fetch_command(subcommand).run_from_argv(self.argv)
  File "/home/nutricionetech/Escritorio/CODIGO NUTRICIONE/conector-shopify/venv/lib/python3.12/site-packages/django/core/management/base.py", line 420, in run_from_argv
    self.execute(*args, **cmd_options)
  File "/home/nutricionetech/Escritorio/CODIGO NUTRICIONE/conector-shopify/venv/lib/python3.12/site-packages/django/core/management/base.py", line 464, in execute
    output = self.handle(*args, **options)
             ^^^^^^^^^^^^^^^^^^^^^^^^^^^^^
  File "/home/nutricionetech/Escritorio/CODIGO NUTRICIONE/conector-shopify/shopify_app/management/commands/sync_stock.py", line 11, in handle
    success, result = sync_stock_verial_to_shopify()
                      ^^^^^^^^^^^^^^^^^^^^^^^^^^^^^^
  File "/home/nutricionetech/Escritorio/CODIGO NUTRICIONE/conector-shopify/shopify_app/stock_sync.py", line 193, in sync_stock_verial_to_shopify
    success, verial_products = get_verial_products_by_barcode()
                               ^^^^^^^^^^^^^^^^^^^^^^^^^^^^^^^^
  File "/home/nutricionetech/Escritorio/CODIGO NUTRICIONE/conector-shopify/shopify_app/stock_sync.py", line 36, in get_verial_products_by_barcode
    success, result = client.get_products()
                      ^^^^^^^^^^^^^^^^^^^
AttributeError: 'VerialClient' object has no attribute 'get_products'
Iniciando sincronización de stock...
Traceback (most recent call last):
  File "/home/nutricionetech/Escritorio/CODIGO NUTRICIONE/conector-shopify/manage.py", line 22, in <module>
    main()
  File "/home/nutricionetech/Escritorio/CODIGO NUTRICIONE/conector-shopify/manage.py", line 18, in main
    execute_from_command_line(sys.argv)
  File "/home/nutricionetech/Escritorio/CODIGO NUTRICIONE/conector-shopify/venv/lib/python3.12/site-packages/django/core/management/__init__.py", line 443, in execute_from_command_line
    utility.execute()
  File "/home/nutricionetech/Escritorio/CODIGO NUTRICIONE/conector-shopify/venv/lib/python3.12/site-packages/django/core/management/__init__.py", line 437, in execute
    self.fetch_command(subcommand).run_from_argv(self.argv)
  File "/home/nutricionetech/Escritorio/CODIGO NUTRICIONE/conector-shopify/venv/lib/python3.12/site-packages/django/core/management/base.py", line 420, in run_from_argv
    self.execute(*args, **cmd_options)
  File "/home/nutricionetech/Escritorio/CODIGO NUTRICIONE/conector-shopify/venv/lib/python3.12/site-packages/django/core/management/base.py", line 464, in execute
    output = self.handle(*args, **options)
             ^^^^^^^^^^^^^^^^^^^^^^^^^^^^^
  File "/home/nutricionetech/Escritorio/CODIGO NUTRICIONE/conector-shopify/shopify_app/management/commands/sync_stock.py", line 11, in handle
    success, result = sync_stock_verial_to_shopify()
                      ^^^^^^^^^^^^^^^^^^^^^^^^^^^^^^
  File "/home/nutricionetech/Escritorio/CODIGO NUTRICIONE/conector-shopify/shopify_app/stock_sync.py", line 193, in sync_stock_verial_to_shopify
    success, verial_products = get_verial_products_by_barcode()
                               ^^^^^^^^^^^^^^^^^^^^^^^^^^^^^^^^
  File "/home/nutricionetech/Escritorio/CODIGO NUTRICIONE/conector-shopify/shopify_app/stock_sync.py", line 36, in get_verial_products_by_barcode
    success, result = client.get_products()
                      ^^^^^^^^^^^^^^^^^^^
AttributeError: 'VerialClient' object has no attribute 'get_products'
Iniciando sincronización de stock...
Traceback (most recent call last):
  File "/home/nutricionetech/Escritorio/CODIGO NUTRICIONE/conector-shopify/manage.py", line 22, in <module>
    main()
  File "/home/nutricionetech/Escritorio/CODIGO NUTRICIONE/conector-shopify/manage.py", line 18, in main
    execute_from_command_line(sys.argv)
  File "/home/nutricionetech/Escritorio/CODIGO NUTRICIONE/conector-shopify/venv/lib/python3.12/site-packages/django/core/management/__init__.py", line 443, in execute_from_command_line
    utility.execute()
  File "/home/nutricionetech/Escritorio/CODIGO NUTRICIONE/conector-shopify/venv/lib/python3.12/site-packages/django/core/management/__init__.py", line 437, in execute
    self.fetch_command(subcommand).run_from_argv(self.argv)
  File "/home/nutricionetech/Escritorio/CODIGO NUTRICIONE/conector-shopify/venv/lib/python3.12/site-packages/django/core/management/base.py", line 420, in run_from_argv
    self.execute(*args, **cmd_options)
  File "/home/nutricionetech/Escritorio/CODIGO NUTRICIONE/conector-shopify/venv/lib/python3.12/site-packages/django/core/management/base.py", line 464, in execute
    output = self.handle(*args, **options)
             ^^^^^^^^^^^^^^^^^^^^^^^^^^^^^
  File "/home/nutricionetech/Escritorio/CODIGO NUTRICIONE/conector-shopify/shopify_app/management/commands/sync_stock.py", line 11, in handle
    success, result = sync_stock_verial_to_shopify()
                      ^^^^^^^^^^^^^^^^^^^^^^^^^^^^^^
  File "/home/nutricionetech/Escritorio/CODIGO NUTRICIONE/conector-shopify/shopify_app/stock_sync.py", line 193, in sync_stock_verial_to_shopify
    success, verial_products = get_verial_products_by_barcode()
                               ^^^^^^^^^^^^^^^^^^^^^^^^^^^^^^^^
  File "/home/nutricionetech/Escritorio/CODIGO NUTRICIONE/conector-shopify/shopify_app/stock_sync.py", line 36, in get_verial_products_by_barcode
    success, result = client.get_products()
                      ^^^^^^^^^^^^^^^^^^^
AttributeError: 'VerialClient' object has no attribute 'get_products'
Iniciando sincronización de stock...
Traceback (most recent call last):
  File "/home/nutricionetech/Escritorio/CODIGO NUTRICIONE/conector-shopify/manage.py", line 22, in <module>
    main()
  File "/home/nutricionetech/Escritorio/CODIGO NUTRICIONE/conector-shopify/manage.py", line 18, in main
    execute_from_command_line(sys.argv)
  File "/home/nutricionetech/Escritorio/CODIGO NUTRICIONE/conector-shopify/venv/lib/python3.12/site-packages/django/core/management/__init__.py", line 443, in execute_from_command_line
    utility.execute()
  File "/home/nutricionetech/Escritorio/CODIGO NUTRICIONE/conector-shopify/venv/lib/python3.12/site-packages/django/core/management/__init__.py", line 437, in execute
    self.fetch_command(subcommand).run_from_argv(self.argv)
  File "/home/nutricionetech/Escritorio/CODIGO NUTRICIONE/conector-shopify/venv/lib/python3.12/site-packages/django/core/management/base.py", line 420, in run_from_argv
    self.execute(*args, **cmd_options)
  File "/home/nutricionetech/Escritorio/CODIGO NUTRICIONE/conector-shopify/venv/lib/python3.12/site-packages/django/core/management/base.py", line 464, in execute
    output = self.handle(*args, **options)
             ^^^^^^^^^^^^^^^^^^^^^^^^^^^^^
  File "/home/nutricionetech/Escritorio/CODIGO NUTRICIONE/conector-shopify/shopify_app/management/commands/sync_stock.py", line 11, in handle
    success, result = sync_stock_verial_to_shopify()
                      ^^^^^^^^^^^^^^^^^^^^^^^^^^^^^^
  File "/home/nutricionetech/Escritorio/CODIGO NUTRICIONE/conector-shopify/shopify_app/stock_sync.py", line 193, in sync_stock_verial_to_shopify
    success, verial_products = get_verial_products_by_barcode()
                               ^^^^^^^^^^^^^^^^^^^^^^^^^^^^^^^^
  File "/home/nutricionetech/Escritorio/CODIGO NUTRICIONE/conector-shopify/shopify_app/stock_sync.py", line 36, in get_verial_products_by_barcode
    success, result = client.get_products()
                      ^^^^^^^^^^^^^^^^^^^
AttributeError: 'VerialClient' object has no attribute 'get_products'
